2025-07-05 17:40:51 rebuild project
2025-11-25 05:39:45 improve security
2025-03-18 00:22:10 clean project structure
2025-07-23 13:08:05 temporary fix
2025-09-10 12:02:04 update comments
2025-01-08 06:30:57 add sample data
2025-01-19 23:54:28 update database schema
2025-03-29 03:54:12 upgrade dependencies
2025-05-18 09:31:14 simplify logic
2025-09-25 10:27:56 restructure modules
2025-02-11 20:40:17 restructure project
2025-08-21 03:14:05 UI improvements
2025-09-10 06:31:03 update documentation
2025-06-09 10:02:29 hotfix applied
2025-05-02 15:09:56 better error handling
2025-11-15 05:36:42 reorganize files
2025-04-26 00:23:33 improve caching
2025-09-22 12:19:37 rebuild project
2025-07-23 03:49:39 add tests
2025-12-23 18:58:13 update API keys
2025-01-29 08:18:40 update configs
2025-12-08 21:25:52 clean project structure
2025-12-17 22:16:22 remove test code
2025-01-12 22:12:06 restructure project
2025-03-31 01:01:24 minor changes
2025-11-16 14:58:22 reduce complexity
2025-05-02 06:52:57 update gitignore
2025-08-29 16:43:17 update gitignore
2025-02-26 05:07:39 update metadata
2025-08-26 12:32:13 refactor code
2025-11-06 21:38:46 improve performance
2025-03-25 05:06:43 fix typo in docs
2025-02-12 22:02:01 add TODOs
2025-09-21 02:30:39 add integration tests
2025-08-01 10:34:02 improve caching
2025-05-21 08:28:42 experimental changes
2025-08-04 19:26:13 restructure project
2025-04-22 01:58:25 update configs
2025-06-08 13:18:05 update CI pipeline
2025-08-12 05:29:38 update roadmap
2025-06-14 00:54:39 update roadmap
2025-02-20 03:30:25 fix misconfiguration
2025-04-29 05:15:09 improve maintainability
2025-04-05 08:46:04 update database schema
2025-04-10 22:59:00 fix broken link
2025-05-16 18:38:46 add example file
2025-04-22 12:54:40 fix CI errors
2025-08-22 18:19:16 update workflow
2025-09-02 10:07:38 update database schema
2025-06-22 15:55:05 add sample data
2025-08-18 04:52:25 rollback changes
2025-02-13 17:31:46 update API keys
2025-10-21 08:50:38 simplify logic
2025-07-22 21:42:52 upgrade dependencies
2025-05-17 20:25:27 update metadata
2025-04-28 19:01:37 fix typo in code
2025-11-28 13:47:01 reformat code
2025-04-30 23:55:52 reduce complexity
2025-01-02 11:17:45 remove unused import
2025-06-24 14:30:19 update metadata
2025-12-14 17:30:01 improve performance
2025-08-07 07:12:12 update workflow
2025-02-08 12:59:57 fix CI errors
2025-11-28 08:00:49 update schema migration
2025-02-20 21:34:39 add logging
2025-09-12 05:19:45 reformat code
2025-07-28 02:26:05 update comments
2025-01-02 01:44:29 merge branch
2025-01-29 13:12:55 typo fix
2025-06-29 14:30:41 update build script
2025-05-03 07:44:43 patch memory leak
2025-01-13 14:36:47 tweak configs
2025-01-16 22:32:22 add example file
2025-04-04 20:55:02 add integration tests
2025-10-11 19:15:42 fix typo in code
2025-12-27 01:51:44 add fallback
2025-03-14 12:22:53 update feature
2025-03-20 02:03:30 adjust validation rules
2025-03-17 02:04:42 improve UX
2025-02-26 01:30:13 remove test code
2025-03-21 04:19:27 optimize function
2025-09-12 19:37:58 update schema migration
2025-01-09 19:12:43 remove test code
2025-07-01 16:15:46 add logging
2025-02-19 13:07:59 update constants
2025-02-13 19:53:32 fix timezone issue
2025-12-24 01:24:58 add helper function
2025-02-09 18:39:27 update logging
2025-11-26 01:50:59 update deployment script
2025-10-13 13:14:16 add example file
2025-02-28 21:00:22 fix config bug
2025-11-19 01:00:50 update configs for prod
2025-03-11 22:42:09 improve performance
2025-08-03 04:04:23 optimize function
2025-10-06 11:37:47 add example file
2025-10-27 20:23:20 improve UX
2025-07-27 04:20:14 fix config bug
2025-02-13 23:21:13 cleanup dependencies
2025-08-26 16:04:11 fix timezone issue
2025-09-01 09:10:30 remove debug output
2025-05-04 14:06:59 improve logging format
2025-05-15 11:35:25 cleanup dependencies
2025-10-24 12:35:44 update configs
2025-06-14 22:48:06 simplify logic
2025-09-11 12:48:53 reformat code
2025-02-06 15:36:04 patch memory leak
2025-11-30 02:11:58 update API docs
2025-06-01 21:28:43 update gitignore
2025-08-17 22:37:34 add integration tests
2025-08-19 07:10:59 add helper function
2025-06-27 11:02:54 fix misconfiguration
2025-04-28 09:19:54 fix broken link
2025-10-07 00:43:30 update README
2025-11-24 01:43:35 update configs
2025-03-31 05:46:33 update README
2025-09-13 02:18:48 update scripts
2025-09-21 09:42:51 update API keys
2025-02-22 11:48:52 change configuration
2025-05-13 21:46:11 fix misconfiguration
2025-07-27 15:34:02 style improvements
2025-02-06 21:37:45 update gitignore
2025-04-05 03:24:48 improve caching
2025-02-11 11:43:02 simplify logic
2025-08-02 12:27:36 reduce complexity
2025-03-06 22:32:11 fix docker build
2025-07-21 07:36:29 small refactor
2025-06-19 02:46:30 better defaults
2025-12-01 11:24:44 remove unused import
2025-03-22 10:56:49 remove unused code
2025-06-01 14:39:59 improve maintainability
2025-06-03 17:09:26 minor refactor
2025-06-29 16:07:56 add tests
2025-04-07 22:28:39 improve UX
2025-09-10 02:39:49 restructure project
2025-10-12 05:24:46 update version
2025-05-22 13:01:50 adjust error messages
2025-03-16 16:35:55 fix config bug
2025-05-27 20:03:10 UI improvements
2025-02-28 10:48:14 update API endpoints
2025-02-09 19:28:47 small refactor
2025-12-12 12:37:28 update logging
2025-10-30 13:02:20 enhance logging
2025-10-23 10:09:40 minor refactor
2025-06-03 15:45:40 add helper function
2025-07-09 16:00:46 remove unused code
2025-08-03 13:03:23 simplify logic
2025-02-12 11:29:15 update gitignore
2025-03-27 05:44:16 restructure project
2025-12-26 09:41:09 update constants
2025-10-18 12:36:27 add fallback
2025-02-23 08:06:49 update roadmap
2025-09-26 15:13:33 fix permission issue
2025-02-06 04:09:34 update API endpoints
2025-07-23 23:26:35 fix crash issue
2025-12-17 12:20:29 better error handling
2025-10-14 05:31:06 patch memory leak
2025-08-28 08:34:16 update documentation
2025-08-22 16:37:43 enhance logging
2025-03-28 18:20:01 update build script
2025-09-04 22:41:35 add TODOs
2025-10-12 21:24:26 tweak configs
2025-09-18 21:15:38 update build script
2025-05-20 02:28:12 typo fix
2025-08-01 02:26:14 improve UX
2025-11-10 03:35:17 add integration tests
2025-02-16 22:15:04 fix timezone issue
2025-03-29 21:11:34 rollback changes
2025-03-22 07:31:21 update configs for prod
2025-08-13 11:41:13 remove test code
2025-05-22 02:38:51 enhance error reporting
2025-05-13 04:11:20 fix misconfiguration
2025-10-22 22:17:32 minor changes
2025-10-03 16:09:05 update CI pipeline
2025-12-13 16:54:36 rollback changes
2025-10-18 13:25:56 fix warnings
2025-09-02 07:10:25 update LICENSE
2025-01-25 03:16:15 style improvements
2025-06-04 17:10:04 patch vulnerability
2025-03-21 15:02:25 fix misconfiguration
2025-12-03 18:17:44 fix warnings
2025-11-01 10:02:13 update deployment script
2025-01-30 09:15:54 adjust error messages
2025-11-12 15:35:04 update database schema
2025-08-01 11:52:33 rollback changes
2025-02-17 19:49:43 add sample data
2025-09-29 14:45:28 fix crash issue
2025-10-01 09:14:08 update API keys
2025-04-07 17:05:10 improve logging format
2025-12-01 07:18:17 rebuild project
2025-08-02 17:13:58 small refactor
2025-03-10 05:25:37 add unit tests
2025-10-23 12:46:10 add tests
2025-07-31 10:51:53 enhance logging
2025-02-02 03:20:59 minor changes
2025-08-23 10:30:40 fix crash issue
2025-11-19 00:58:15 add sample data
2025-12-03 23:40:41 update logging
2025-07-26 03:38:13 add tests
2025-01-29 22:13:29 enhance error reporting
2025-05-08 19:27:07 fix edge case
2025-02-16 04:58:25 minor refactor
2025-05-23 10:40:12 restructure modules
2025-12-16 23:18:14 adjust error messages
2025-09-16 01:03:32 restructure modules
2025-05-13 10:01:41 tweak configs
2025-05-01 15:28:59 add fallback
2025-12-21 02:58:47 fix null pointer
2025-02-11 01:33:46 merge branch
2025-03-03 05:04:44 remove unused code
2025-09-30 11:26:32 fix broken link
2025-06-09 16:53:36 add TODOs
2025-12-29 15:49:22 reorganize files
2025-06-14 23:33:08 update API docs
2025-05-25 03:53:36 update constants
2025-12-03 04:31:18 experimental changes
2025-10-20 18:57:15 add integration tests
2025-03-19 06:03:41 add example file
2025-10-06 01:37:32 update database schema
2025-09-22 10:13:11 fix broken link
2025-11-22 04:59:17 reorganize files
2025-08-07 03:10:17 improve logging format
2025-05-03 21:42:09 fix docker build
2025-09-02 08:58:50 better error handling
2025-10-24 21:44:55 fix warnings
2025-07-11 04:31:39 remove unused import
2025-09-11 14:59:22 simplify logic
2025-09-21 10:33:52 cleanup code
2025-02-10 00:00:37 minor changes
2025-03-17 23:09:47 update configs for prod
2025-07-27 08:54:41 remove unused import
2025-01-18 13:55:59 reduce complexity
2025-02-21 07:45:08 fix misconfiguration
2025-03-25 16:02:42 improve security
2025-11-23 10:30:20 fix async issue
2025-02-13 18:38:35 patch memory leak
2025-04-09 00:47:50 better error handling
2025-01-08 15:30:36 update configs for prod
2025-12-19 21:28:02 update configs for prod
2025-09-30 00:52:30 better error handling
2025-01-29 19:30:10 improve maintainability
2025-04-29 19:41:56 improve logging format
2025-06-22 13:40:19 fix typo in docs
2025-09-09 07:30:42 merge branch
2025-12-26 16:04:37 update LICENSE
2025-05-16 03:55:04 minor refactor
2025-02-09 05:00:48 add helper function
2025-05-12 18:55:58 improve logging format
2025-01-15 08:25:19 update schema migration
2025-05-18 13:53:39 improve performance
2025-02-24 00:12:27 adjust timeout
2025-03-13 04:17:39 fix edge case
2025-11-12 12:59:42 update workflow
2025-12-16 10:58:13 update API keys
2025-02-12 14:08:13 fix encoding issue
2025-06-25 19:31:50 fix typo in docs
2025-04-09 22:58:09 update README
2025-06-25 08:10:09 improve security
2025-03-02 23:18:20 update docs with examples
2025-05-30 03:59:31 update gitignore
2025-05-13 22:55:09 restructure project
2025-05-28 14:43:33 patch memory leak
2025-02-18 14:17:46 fix type error
2025-10-08 11:36:06 improve maintainability
2025-11-26 06:20:33 better defaults
2025-03-26 14:10:37 update metadata
2025-04-29 14:01:05 improve security
2025-09-12 11:05:04 fix misconfiguration
2025-06-03 17:24:33 improve performance
2025-02-17 21:47:02 fix bug
2025-02-06 17:15:59 update LICENSE
2025-06-09 14:29:08 remove unused import
2025-06-18 12:01:56 fix warnings
2025-04-20 01:33:00 remove deprecated code
2025-04-15 14:52:34 reformat code
2025-09-06 20:52:24 update build script
2025-09-23 23:14:48 fix encoding issue
2025-09-06 21:50:57 update headers
2025-08-21 08:45:12 improve caching
2025-01-16 09:40:12 update API docs
2025-07-27 12:23:37 add sample data
2025-09-19 07:48:22 update API docs
2025-06-23 09:44:13 update API keys
2025-12-08 03:48:48 adjust validation rules
2025-06-07 19:32:18 small refactor
2025-05-06 13:14:14 clean project structure
2025-07-11 02:32:40 update CI pipeline
2025-11-25 06:46:05 improve logging format
2025-06-30 09:16:03 update deployment script
2025-01-27 01:16:04 update constants
2025-11-22 13:06:03 fix permission issue
2025-08-24 17:35:53 fix broken link
2025-06-22 05:14:14 rollback changes
2025-01-12 10:14:12 cleanup code
2025-03-27 22:14:16 update constants
2025-06-14 20:19:05 fix config bug
2025-12-06 18:19:39 fix warnings
2025-03-16 08:50:39 optimize function
2025-05-16 04:29:27 update scripts
2025-02-06 17:54:27 fix encoding issue
2025-11-11 23:12:49 update documentation
2025-10-30 17:04:17 update docs with examples
2025-09-22 18:20:19 update dependencies
2025-07-18 18:29:07 update roadmap
2025-03-02 09:59:44 update version
2025-04-18 12:27:03 remove legacy code
2025-05-04 02:23:15 enhance logging
2025-11-01 16:54:59 update database schema
2025-12-16 12:29:12 restructure modules
2025-12-05 05:30:24 update constants
2025-11-10 14:04:38 fix UI alignment
2025-12-24 02:08:10 refactor code
2025-04-23 13:10:25 improve caching
2025-12-14 02:10:55 refactor code
2025-11-18 23:32:30 remove deprecated code
2025-11-27 00:55:10 cleanup dependencies
2025-05-23 20:01:48 update gitignore
2025-07-02 14:50:08 add tests
2025-02-13 17:55:47 add helper function
2025-07-06 15:34:13 adjust error messages
2025-07-11 20:30:04 cleanup dependencies
2025-08-04 16:15:09 fix typo in code
2025-09-21 18:06:14 typo fix
2025-10-17 13:12:30 update gitignore
2025-04-09 00:09:32 style improvements
2025-07-11 13:31:04 update deployment script
2025-09-25 02:53:13 experimental changes
2025-08-27 19:07:56 adjust error messages
2025-07-18 04:01:46 update scripts
2025-02-21 19:15:58 minor refactor
2025-05-21 13:34:47 fix config bug
2025-07-17 20:45:59 merge branch
2025-12-10 23:43:21 add fallback
2025-06-11 10:04:41 reorganize files
2025-07-16 08:58:45 update configs
2025-10-24 03:13:22 add logging
2025-11-08 13:34:01 initial commit
2025-01-09 01:48:48 fix bug
2025-10-20 17:01:50 fix UI alignment
2025-01-09 09:45:48 update API keys
2025-02-26 11:15:15 refactor code
2025-03-02 07:17:57 update scripts
2025-04-01 09:47:15 update API keys
2025-03-01 22:29:15 adjust error messages
2025-12-28 14:28:42 update build script
2025-08-15 18:18:45 update constants
2025-11-20 05:51:38 simplify logic
2025-10-28 08:42:18 fix timezone issue
2025-06-14 18:00:10 enhance logging
2025-06-28 19:06:19 stabilize build
2025-08-06 23:40:34 update API endpoints
2025-10-27 10:05:04 improve UX
2025-10-22 00:18:29 add tests
2025-04-06 02:31:01 fix CI errors
2025-01-15 00:20:28 optimize queries
2025-12-10 23:15:42 experimental changes
2025-02-02 07:22:28 update API docs
2025-06-29 20:20:49 add example file
2025-05-10 06:08:07 improve caching
2025-12-29 05:11:57 add comments
2025-08-25 11:05:31 remove legacy code
2025-07-14 22:13:41 fix edge case
2025-11-23 18:33:07 add unit tests
2025-10-02 17:36:51 cleanup code
2025-06-19 05:17:20 add unit tests
2025-03-14 22:42:16 remove test code
2025-02-18 02:50:15 upgrade dependencies
2025-07-05 00:59:21 small refactor
2025-06-25 05:13:52 reformat code
2025-02-25 17:53:31 improve performance
2025-08-12 18:03:10 simplify logic
2025-01-02 12:13:43 add integration tests
2025-11-21 10:16:02 fix type error
2025-09-29 16:35:02 initial commit
2025-10-12 01:54:09 simplify logic
2025-10-26 11:38:24 temporary fix
2025-07-06 02:14:31 stabilize build
2025-11-15 05:43:14 update configs for prod
2025-11-09 22:07:48 restructure modules
2025-09-09 14:08:40 update gitignore
2025-04-26 05:04:42 fix warnings
2025-05-27 10:45:31 improve logging format
2025-08-12 23:51:36 fix CI errors
2025-01-09 22:06:17 minor refactor
2025-09-17 11:44:42 improve docs
2025-11-03 15:49:32 fix typo in docs
2025-05-18 03:00:31 add fallback
2025-11-14 04:23:06 patch vulnerability
2025-06-07 17:00:12 add integration tests
2025-12-26 15:04:04 update API endpoints
2025-10-12 18:15:50 update scripts
2025-04-07 13:50:40 reformat code
2025-05-15 23:26:59 stabilize build
2025-01-19 08:54:16 upgrade dependencies
2025-06-23 10:02:00 update comments
2025-07-04 02:40:07 update logging
2025-07-19 10:17:36 upgrade dependencies
2025-06-22 04:47:54 remove deprecated code
2025-09-08 05:41:00 refactor tests
2025-05-01 09:01:13 add integration tests
2025-05-21 11:19:45 update build script
2025-10-03 17:34:35 update schema migration
2025-08-02 12:34:25 experimental changes
2025-01-01 23:32:50 fix typo in code
2025-01-09 19:21:23 UI improvements
2025-01-03 05:15:57 update configs
2025-08-29 23:15:14 fix bug
2025-08-10 09:00:06 enhance logging
2025-05-24 19:26:30 clean project structure
2025-10-24 09:12:52 update configs
2025-04-15 11:21:17 add tests
2025-09-22 21:58:52 update deployment script
2025-05-09 15:38:34 fix bug
2025-05-17 22:09:29 fix warnings
2025-05-12 09:01:37 update database schema
2025-04-27 05:48:50 clean project structure
2025-09-04 18:35:02 small refactor
2025-11-23 05:08:23 update build script
2025-02-14 04:56:10 update configs
2025-03-23 01:47:03 tweak configs
2025-05-29 06:16:57 fix null pointer
2025-06-03 15:48:21 update constants
2025-03-11 14:38:46 improve logging format
2025-02-19 12:01:17 adjust timeout
2025-02-03 09:51:18 fix null pointer
2025-12-24 19:25:48 increase test coverage
2025-09-14 02:37:40 add example file
2025-10-14 11:56:48 UI improvements
2025-08-27 02:34:29 add example file
2025-01-15 01:11:20 experimental changes
2025-05-03 21:39:40 minor changes
2025-12-26 09:20:10 update comments
2025-06-14 01:39:48 add example file
2025-05-30 04:06:14 stabilize build
2025-11-13 20:17:50 fix warnings
2025-08-07 04:12:55 remove deprecated code
2025-02-21 01:14:30 update docs with examples
2025-08-27 08:29:57 enhance logging
2025-08-07 21:37:35 reformat code
2025-09-10 00:48:26 minor refactor
2025-07-10 06:59:12 update CI pipeline
2025-12-17 23:43:58 minor tweaks
2025-11-16 09:12:37 reduce complexity
2025-09-24 01:35:31 improve security
2025-09-26 18:04:59 fix broken link
2025-12-26 11:05:21 update LICENSE
2025-07-09 04:28:14 improve performance
2025-08-20 15:00:05 improve security
2025-10-12 12:05:10 small refactor
2025-09-08 03:29:08 optimize function
2025-09-13 01:17:34 fix misconfiguration
2025-02-22 13:09:20 add TODOs
2025-02-20 16:05:17 update headers
2025-12-01 21:53:00 reorganize files
2025-02-23 00:06:14 update configs
2025-01-08 22:19:18 merge branch
2025-11-07 02:20:26 fix typo in docs
2025-03-24 06:30:47 add unit tests
2025-09-12 21:54:28 update deployment script
2025-09-14 16:06:16 update headers
2025-12-18 07:59:58 small refactor
2025-07-13 17:51:22 small refactor
2025-07-15 16:14:54 improve caching
2025-09-12 13:32:22 reorganize files
2025-03-01 18:07:14 fix build error
2025-02-21 11:48:47 fix crash issue
2025-05-18 06:23:22 restructure project
2025-06-26 02:05:00 remove debug output
2025-09-14 01:16:50 adjust validation rules
2025-05-25 12:49:54 update API endpoints
2025-08-05 10:39:32 improve performance
2025-06-10 08:18:51 minor changes
2025-08-18 20:55:45 add example file
2025-01-22 09:13:25 enhance error reporting
2025-05-19 19:11:30 fix edge case
2025-02-16 00:44:41 small refactor
2025-03-29 07:07:42 fix misconfiguration
2025-01-03 07:26:51 simplify logic
2025-01-10 17:30:48 cleanup dependencies
2025-01-10 23:27:08 initial commit
2025-09-24 19:10:54 tweak configs
2025-05-25 22:33:47 reorganize files
2025-11-20 09:01:08 fix warnings
2025-12-09 16:59:20 update schema migration
2025-01-09 18:34:08 UI improvements
2025-04-07 10:01:14 rollback changes
2025-03-22 21:33:22 upgrade dependencies
2025-04-30 12:46:07 update gitignore
2025-04-06 01:02:56 update schema migration
2025-10-13 14:18:55 reorganize files
2025-04-15 23:28:26 temporary fix
2025-05-07 09:37:17 fix broken link
2025-09-04 17:34:12 rollback changes
2025-06-20 01:50:39 temporary fix
2025-08-02 10:35:10 improve caching
2025-11-23 04:17:03 remove unused code
2025-01-30 23:50:41 small refactor
2025-02-08 21:09:06 add integration tests
2025-01-11 07:22:55 enhance logging
2025-04-15 14:50:33 fix typo in docs
2025-12-21 22:26:48 update scripts
2025-02-22 07:13:28 update version
2025-12-22 19:31:35 update logging
2025-06-28 16:16:15 improve UX
2025-08-08 23:38:00 add fallback
2025-01-28 16:26:24 update deployment script
2025-09-06 05:50:12 improve performance
2025-06-13 07:21:37 update logging
2025-02-04 02:21:45 update roadmap
2025-04-19 16:41:41 rollback changes
2025-05-05 05:55:30 update configs
2025-06-13 00:08:47 update constants
2025-04-18 17:16:45 fix bug
2025-07-07 11:42:16 experimental changes
2025-10-09 12:46:20 patch vulnerability
2025-12-24 13:40:19 update metadata
2025-04-30 17:16:11 fix misconfiguration
2025-07-11 15:20:42 improve security
2025-10-01 00:07:43 change configuration
2025-04-29 11:47:28 update API keys
2025-02-01 23:08:45 fix timezone issue
2025-02-05 01:32:44 fix async issue
2025-07-06 00:09:17 experimental changes
2025-09-20 15:03:45 update build script
2025-05-21 20:39:31 improve security
2025-01-28 08:53:04 fix edge case
2025-07-18 01:49:27 update LICENSE
2025-04-07 10:12:10 update build script
2025-10-10 10:34:03 enhance logging
2025-02-14 20:24:03 minor tweaks
2025-10-13 18:48:43 update configs for prod
2025-04-06 05:06:47 update gitignore
2025-01-26 16:53:32 cleanup code
2025-04-06 09:13:26 update comments
2025-01-07 17:17:44 update constants
2025-12-23 14:56:17 temporary fix
2025-06-16 04:33:47 reformat code
2025-04-17 17:40:50 change configuration
2025-11-12 20:52:57 minor changes
2025-03-10 18:25:33 remove unused import
2025-07-30 07:49:46 UI improvements
2025-08-11 09:35:16 adjust validation rules
2025-12-23 20:16:51 add example file
2025-02-19 06:49:34 remove unused code
2025-07-29 22:32:49 fix edge case
2025-10-02 21:54:01 update deployment script
2025-06-03 09:27:57 security patch
2025-06-24 01:09:58 update workflow
2025-05-09 23:30:18 fix typo in docs
2025-01-02 22:02:37 add example file
2025-09-26 09:02:52 minor refactor
2025-11-17 18:47:02 update API docs
2025-02-07 14:45:03 add tests
2025-08-08 04:42:57 add example file
2025-12-26 14:16:46 fix encoding issue
2025-11-16 17:42:18 better error handling
2025-09-21 12:34:54 fix permission issue
2025-12-14 21:57:17 upgrade dependencies
2025-04-17 03:18:26 cleanup dependencies
2025-08-08 04:17:36 update version
2025-11-11 11:52:11 cleanup dependencies
2025-06-10 01:42:15 reformat code
2025-08-15 03:31:26 update CI pipeline
2025-10-21 08:57:58 add example file
2025-09-23 02:04:41 update version
2025-08-26 18:28:01 fix null pointer
2025-02-02 14:26:08 update metadata
2025-05-06 11:25:39 merge branch
2025-06-14 03:19:15 remove unused import
2025-08-28 21:36:36 improve UX
2025-03-22 14:32:12 update API docs
2025-04-07 09:05:45 add sample data
2025-07-10 00:37:46 add unit tests
2025-11-05 00:13:08 add TODOs
2025-09-08 00:00:49 add tests
2025-02-07 13:43:57 small refactor
2025-09-12 05:57:06 improve logging format
2025-12-05 01:14:32 update constants
2025-09-16 03:56:57 remove deprecated code
2025-02-07 04:18:18 enhance logging
2025-03-05 03:11:31 update headers
2025-05-30 04:05:34 add integration tests
2025-05-26 10:33:08 fix encoding issue
2025-12-01 17:31:57 fix edge case
2025-06-20 12:34:02 update logging
2025-08-01 19:21:57 cleanup code
2025-12-28 01:30:14 patch memory leak
2025-12-28 23:42:32 update headers
2025-08-24 22:05:04 update database schema
2025-09-19 23:32:19 remove test code
2025-11-04 04:46:11 fix warnings
2025-02-09 05:54:31 enhance logging
2025-07-07 20:40:50 add TODOs
2025-10-14 06:23:31 update README
2025-08-03 23:34:57 add integration tests
2025-10-06 17:05:59 add sample data
2025-04-17 23:42:25 update database schema
2025-05-20 14:25:45 update API keys
2025-12-01 18:30:42 fix misconfiguration
2025-02-18 23:23:06 update schema migration
2025-12-19 19:15:09 experimental changes
2025-07-04 16:37:55 fix UI alignment
2025-12-23 14:26:50 improve caching
2025-09-14 10:10:37 minor refactor
2025-02-13 22:29:46 add tests
2025-01-11 16:55:06 cleanup dependencies
2025-10-11 22:04:21 add tests
2025-02-01 01:32:55 update CI pipeline
2025-08-05 21:28:23 update build script
2025-07-22 12:15:18 add TODOs
2025-08-27 00:31:22 experimental changes
2025-04-12 16:44:58 remove unused import
2025-12-29 12:32:23 update configs
2025-05-26 14:30:33 rollback changes
2025-12-22 19:35:35 remove legacy code
2025-08-26 08:38:20 refactor tests
2025-09-06 23:39:43 restructure modules
2025-01-01 03:05:45 merge branch
2025-06-13 12:12:07 fix crash issue
2025-07-16 03:33:23 patch vulnerability
2025-04-17 22:29:28 adjust timeout
2025-09-20 22:54:54 fix null pointer
2025-07-23 04:14:53 refactor code
2025-10-13 15:56:55 fix bug
2025-06-08 18:31:12 initial commit
2025-10-31 05:58:27 rollback changes
2025-08-02 23:37:07 minor refactor
2025-05-13 09:07:01 minor changes
2025-06-07 00:23:42 simplify logic
2025-10-05 21:43:33 typo fix
2025-07-08 10:11:27 remove test code
2025-11-19 02:16:31 fix warnings
2025-06-15 09:05:27 reorganize files
2025-09-18 12:57:54 update workflow
2025-07-11 07:13:39 reduce complexity
2025-04-10 20:52:52 fix type error
2025-04-17 07:40:37 fix misconfiguration
2025-11-20 21:31:55 add helper function
2025-02-19 17:14:44 cleanup dependencies
2025-05-22 18:50:35 tweak configs
2025-10-09 06:14:23 add helper function
2025-06-15 17:26:57 cleanup code
2025-07-20 06:40:46 fix misconfiguration
2025-06-10 19:01:44 restructure modules
2025-01-05 05:29:42 fix CI errors
2025-11-19 21:22:50 fix crash issue
2025-05-21 08:44:01 UI improvements
2025-02-17 21:44:59 stabilize build
2025-08-31 00:03:45 tweak configs
2025-04-08 07:53:09 remove legacy code
2025-11-28 01:29:14 enhance logging
2025-10-12 12:25:14 add tests
2025-03-28 10:34:29 add example file
2025-06-04 13:02:39 update constants
2025-08-06 20:14:24 fix bug
2025-12-26 01:15:52 change configuration
2025-08-25 14:23:58 small refactor
2025-06-06 08:36:08 enhance error reporting
2025-04-02 02:35:40 update headers
2025-09-24 03:41:31 update feature
2025-02-10 04:11:34 restructure project
2025-10-12 01:51:24 upgrade dependencies
2025-12-08 10:21:51 reorganize files
2025-11-09 19:49:29 security patch
2025-02-24 14:09:56 update configs
2025-10-10 05:07:46 rollback changes
2025-07-13 10:15:45 restructure modules
2025-08-01 03:29:01 minor tweaks
2025-01-31 07:39:46 update linter rules
2025-05-19 20:17:30 add helper function
2025-08-15 09:28:56 update build script
2025-11-25 01:54:32 update LICENSE
2025-12-31 17:09:15 reorganize files
2025-09-29 23:35:41 temporary fix
2025-01-14 18:02:53 update API keys
2025-12-06 13:33:55 enhance error reporting
2025-01-30 09:28:03 remove deprecated code
2025-10-24 04:49:31 reduce complexity
2025-10-15 16:20:38 simplify logic
2025-10-12 23:50:26 add example file
2025-10-25 22:53:47 update configs
2025-10-29 05:50:43 update roadmap
2025-10-30 23:30:17 update feature
2025-11-15 11:05:24 update version
2025-06-07 19:15:37 restructure project
2025-09-25 11:46:20 small refactor
2025-01-16 22:26:51 improve maintainability
2025-07-16 19:05:18 add sample data
2025-11-30 22:27:46 fix typo in docs
2025-05-24 12:49:20 restructure project
2025-09-08 15:31:19 cleanup code
2025-04-21 01:53:55 upgrade dependencies
2025-05-04 22:23:39 enhance error reporting
2025-10-04 22:08:28 fix warnings
2025-11-04 01:40:18 update workflow
2025-06-20 08:42:28 remove unused import
2025-08-21 21:19:20 add example file
2025-08-05 00:11:26 fix typo in docs
2025-01-31 04:17:19 fix edge case
2025-07-06 06:23:22 fix timezone issue
2025-05-18 16:52:12 update configs
2025-09-15 16:52:58 refactor code
2025-05-19 06:44:27 restructure modules
2025-10-12 09:04:27 add tests
2025-06-07 04:38:30 better error handling
2025-12-22 07:30:09 adjust validation rules
2025-11-05 19:37:05 update gitignore
2025-01-01 22:47:29 security patch
2025-09-26 10:27:51 rollback changes
2025-11-24 06:50:37 add example file
2025-06-19 17:07:11 update schema migration
2025-07-11 11:04:55 fix broken link
2025-10-21 08:09:15 fix merge conflicts
2025-11-17 02:35:57 update API docs
2025-10-30 07:03:46 upgrade dependencies
2025-01-02 11:48:40 update roadmap
2025-01-14 20:29:01 increase test coverage
2025-04-26 13:58:35 enhance logging
2025-06-23 21:13:25 update API keys
2025-02-22 19:05:58 simplify logic
2025-07-09 06:04:09 fix warnings
2025-11-07 08:25:11 add tests
2025-04-02 14:57:19 better error handling
2025-12-20 08:52:33 add unit tests
2025-08-11 15:02:33 hotfix applied
2025-03-29 13:06:49 experimental changes
2025-01-15 20:46:25 update build script
2025-02-23 18:28:46 update comments
2025-06-17 00:30:55 hotfix applied
2025-06-05 06:10:20 fix crash issue
2025-06-25 20:50:22 update build script
2025-09-03 18:36:59 update dependencies
2025-04-17 17:23:21 small refactor
2025-07-21 21:28:49 adjust validation rules
2025-12-04 10:34:19 enhance logging
2025-11-13 19:19:42 initial commit
2025-05-09 10:38:03 security patch
2025-06-16 14:13:32 add example file
2025-03-07 01:15:09 fix bug
2025-01-11 22:39:39 better error handling
2025-07-03 07:27:07 simplify logic
2025-03-20 08:16:41 cleanup dependencies
2025-06-21 18:17:29 update headers
2025-01-14 21:03:19 cleanup dependencies
2025-12-24 19:38:58 fix permission issue
2025-10-08 01:02:01 remove unused code
2025-10-31 09:11:21 fix typo in docs
2025-07-26 19:32:46 fix type error
2025-01-30 10:38:03 add sample data
2025-07-04 19:51:04 update CI pipeline
2025-05-27 13:14:45 better error handling
2025-12-21 14:34:35 adjust validation rules
2025-06-08 20:56:02 restructure project
2025-11-16 18:06:51 improve security
2025-07-02 11:01:11 fix merge conflicts
2025-06-07 16:55:44 reduce complexity
2025-04-18 20:09:47 patch vulnerability
2025-12-05 19:40:06 update roadmap
2025-10-06 17:57:04 fix warnings
2025-05-12 20:06:46 optimize queries
2025-05-08 07:17:54 add helper function
2025-12-12 17:26:59 update configs for prod
2025-04-16 15:02:14 update deployment script
2025-10-30 21:56:05 update roadmap
2025-06-24 13:40:26 patch vulnerability
2025-04-27 11:46:29 style improvements
2025-03-15 06:01:36 remove unused code
2025-09-27 17:27:16 update gitignore
2025-12-03 23:03:15 fix null pointer
2025-11-19 14:55:14 update docs with examples
2025-08-20 01:38:25 add helper function
2025-01-10 07:33:18 improve security
2025-12-16 00:45:39 refactor tests
2025-08-25 10:27:22 restructure modules
2025-12-02 00:39:19 change configuration
2025-08-06 06:01:14 fix typo in docs
2025-07-02 19:13:57 update dependencies
2025-06-30 00:40:36 upgrade dependencies
2025-06-11 10:03:30 fix encoding issue
2025-05-29 14:40:49 cleanup code
2025-06-04 12:20:41 UI improvements
2025-11-20 11:23:40 fix encoding issue
2025-05-22 21:48:23 update schema migration
2025-11-04 15:30:22 add fallback
2025-06-05 00:54:22 update deployment script
2025-08-28 03:08:31 update docs with examples
2025-04-16 16:27:41 fix edge case
2025-09-23 17:51:37 restructure modules
2025-01-23 22:41:06 remove test code
2025-07-28 04:14:38 add unit tests
2025-01-28 05:41:39 update roadmap
2025-07-23 02:53:37 update docs with examples
2025-11-29 01:33:10 update feature
2025-03-14 10:32:12 fix permission issue
2025-02-18 13:02:59 tweak configs
2025-06-26 00:49:01 add integration tests
2025-10-15 02:11:07 optimize function
2025-12-01 15:49:32 add fallback
2025-05-10 05:54:29 fix crash issue
2025-07-29 22:55:11 reformat code
2025-03-22 20:37:13 adjust error messages
2025-05-16 06:15:54 adjust validation rules
2025-06-01 19:20:06 fix async issue
2025-05-10 19:16:57 update version
2025-03-27 18:46:58 experimental changes
2025-01-19 09:26:15 update build script
2025-07-08 21:19:16 simplify logic
2025-07-14 10:09:37 minor tweaks
2025-09-25 09:31:04 fix encoding issue
2025-01-19 11:24:44 increase test coverage
2025-11-07 04:06:44 UI improvements
2025-02-14 15:35:13 fix compatibility
2025-04-02 10:39:06 fix encoding issue
2025-06-08 13:46:38 update feature
2025-02-22 13:37:17 add tests
2025-05-16 06:34:13 add unit tests
2025-05-09 12:07:34 update headers
2025-07-09 09:13:44 update constants
2025-08-03 06:35:24 add example file
2025-11-02 17:47:04 fix async issue
2025-06-20 22:18:33 add sample data
2025-05-02 01:12:21 add example file
2025-04-17 19:48:44 update configs
2025-02-17 22:51:55 update roadmap
2025-04-09 19:13:52 remove unused import
2025-06-30 08:44:04 change configuration
2025-05-03 05:07:53 adjust error messages
2025-03-08 04:31:41 restructure modules
2025-05-26 07:06:08 reorganize files
2025-10-04 14:02:37 adjust timeout
2025-10-13 19:17:09 fix typo in docs
2025-10-16 02:31:08 update docs with examples
2025-05-03 11:32:24 fix typo in docs
2025-01-30 11:25:31 fix typo in code
2025-05-24 07:32:43 clean project structure
2025-11-19 04:17:35 add integration tests
2025-06-24 23:25:36 update gitignore
2025-11-02 16:05:50 remove unused code
2025-05-26 00:44:01 upgrade dependencies
2025-06-19 07:04:19 cleanup code
2025-02-24 14:48:48 improve performance
2025-03-24 21:58:29 typo fix
2025-01-02 04:16:45 security patch
2025-08-20 20:49:28 improve UX
2025-03-17 08:29:16 rollback changes
2025-04-05 14:44:30 update README
2025-01-02 22:52:18 enhance logging
2025-03-01 23:28:34 tweak configs
2025-04-01 18:40:30 add sample data
2025-01-19 03:56:24 restructure modules
2025-01-12 20:02:42 update build script
2025-03-14 06:02:00 fix docker build
2025-11-08 23:31:08 update LICENSE
2025-05-28 07:42:26 reformat code
2025-03-14 23:13:08 update docs with examples
2025-06-01 10:32:38 fix edge case
2025-10-24 03:31:57 add tests
2025-06-18 06:45:51 update roadmap
2025-01-27 11:23:02 update API endpoints
2025-05-01 10:22:58 update headers
2025-05-01 04:42:26 cleanup code
2025-07-06 09:15:47 enhance error reporting
2025-08-11 20:47:39 better error handling
2025-04-23 23:35:53 fix misconfiguration
2025-10-04 19:03:36 enhance logging
2025-11-29 13:49:46 remove deprecated code
2025-02-09 16:58:51 update database schema
2025-10-15 08:17:54 update gitignore
2025-10-07 21:11:38 update API keys
2025-07-10 23:51:17 small refactor
2025-11-28 03:29:52 adjust validation rules
2025-07-06 14:53:58 update constants
2025-04-25 16:36:05 update configs for prod
2025-07-16 03:46:16 improve security
2025-04-21 05:59:24 merge branch
2025-08-02 00:00:38 fix crash issue
2025-03-22 05:28:30 change configuration
2025-04-15 20:03:28 update CI pipeline
2025-06-24 01:29:21 fix bug
2025-11-16 02:08:15 fix permission issue
2025-02-15 21:43:34 remove unused import
2025-07-04 16:53:20 adjust validation rules
2025-08-22 21:47:22 update CI pipeline
2025-01-22 23:58:30 fix timezone issue
2025-03-20 20:49:58 rollback changes
2025-07-03 01:23:26 restructure modules
2025-12-09 06:42:03 add fallback
2025-05-17 19:19:10 reorganize files
2025-11-10 08:03:37 refactor code
2025-03-16 01:06:06 enhance logging
2025-04-10 23:51:26 clean project structure
2025-01-20 09:29:07 better error handling
2025-11-20 06:22:16 rollback changes
2025-05-29 16:44:23 add TODOs
2025-02-11 09:48:18 stabilize build
2025-10-22 01:22:02 restructure modules
2025-08-10 23:15:07 add TODOs
2025-11-18 16:22:53 optimize queries
2025-12-27 07:25:28 fix warnings
2025-10-23 14:37:49 enhance logging
2025-03-06 20:27:22 reduce complexity
2025-10-17 10:54:29 fix encoding issue
2025-01-04 04:22:55 improve caching
2025-01-16 18:30:41 better error handling
2025-11-03 21:39:28 hotfix applied
2025-04-07 05:06:50 temporary fix
2025-01-23 07:47:09 update database schema
2025-01-23 22:25:33 fix misconfiguration
2025-05-08 16:08:33 improve security
2025-01-20 03:16:42 initial commit
2025-06-19 17:15:55 update dependencies
2025-11-19 11:32:11 update comments
2025-07-21 10:50:17 add comments
2025-04-17 01:12:06 typo fix
2025-06-18 09:06:29 reformat code
2025-09-06 18:34:11 update linter rules
2025-03-25 17:43:56 update constants
2025-06-17 06:31:18 update schema migration
2025-02-24 12:46:46 add unit tests
2025-04-16 06:47:17 adjust timeout
2025-09-06 04:14:24 update version
2025-01-17 13:24:26 update dependencies
2025-12-08 22:49:32 reorganize files
2025-12-27 21:21:01 add example file
2025-11-09 12:36:32 update docs with examples
2025-07-23 08:58:53 add fallback
2025-12-01 04:49:30 improve security
2025-11-13 03:31:30 experimental changes
2025-11-08 13:48:54 update deployment script
2025-07-19 21:04:28 improve logging format
2025-01-04 18:54:58 fix config bug
2025-03-27 05:44:25 fix misconfiguration
2025-09-02 19:56:00 optimize function
2025-10-07 16:37:20 tweak configs
2025-05-13 09:10:13 update headers
2025-02-06 12:25:35 add example file
2025-07-30 23:02:30 add integration tests
2025-09-30 02:34:32 adjust error messages
2025-08-15 01:06:25 fix async issue
2025-02-26 07:46:25 add integration tests
2025-06-27 13:41:11 fix async issue
2025-11-23 07:14:40 add changelog
2025-03-08 23:10:07 fix CI errors
2025-09-25 10:51:21 hotfix applied
2025-03-30 17:14:25 patch memory leak
2025-08-02 02:53:14 update logging
2025-09-24 05:30:16 fix bug
2025-04-28 18:38:10 add sample data
2025-12-26 21:58:28 initial commit
2025-08-12 07:25:08 experimental changes
2025-12-24 10:31:31 refactor code
2025-05-27 19:27:52 add integration tests
2025-10-20 11:35:21 reformat code
2025-06-21 05:46:33 add unit tests
2025-05-13 15:03:26 simplify logic
2025-09-10 00:24:01 fix typo in docs
2025-08-16 22:01:51 remove test code
2025-04-16 14:09:09 update feature
2025-07-25 08:25:19 remove legacy code
2025-09-03 10:49:06 update LICENSE
2025-07-14 03:09:15 fix null pointer
2025-04-02 15:17:44 fix timezone issue
2025-12-19 20:19:51 update LICENSE
2025-03-01 10:38:36 add helper function
2025-06-08 15:46:13 reorganize files
2025-12-19 12:31:57 update LICENSE
2025-06-29 11:19:08 patch vulnerability
2025-04-11 21:09:21 improve UX
2025-06-13 22:08:22 adjust validation rules
2025-11-03 04:37:04 update database schema
2025-06-23 03:30:35 update roadmap
2025-04-14 07:20:50 increase test coverage
2025-03-11 00:25:15 small refactor
2025-03-27 04:00:17 UI improvements
2025-04-22 09:32:55 update linter rules
2025-04-18 21:24:48 fix config bug
2025-04-24 14:13:05 fix typo in code
2025-06-28 06:15:55 add integration tests
2025-05-26 01:55:47 add TODOs
2025-03-05 17:20:00 fix crash issue
2025-02-26 11:06:08 change configuration
2025-12-28 21:21:44 reformat code
2025-09-02 17:12:02 stabilize build
2025-05-24 18:00:27 upgrade dependencies
2025-09-25 12:35:21 upgrade dependencies
2025-07-03 07:35:15 restructure project
2025-05-26 11:26:38 rollback changes
2025-07-07 06:22:32 update headers
2025-11-24 14:28:23 improve docs
2025-03-17 00:55:08 update comments
2025-12-10 12:52:34 update deployment script
2025-01-05 15:00:29 fix build error
2025-07-25 00:50:17 update roadmap
2025-06-11 03:09:52 update API endpoints
2025-04-22 12:15:33 security patch
2025-07-06 18:16:37 update version
2025-02-21 06:52:40 update LICENSE
2025-08-19 07:15:03 fix typo in code
2025-12-01 08:00:14 fix bug
2025-02-15 17:51:53 tweak configs
2025-06-09 11:37:43 update logging
2025-07-05 17:40:51 add integration tests
2025-11-25 05:39:45 fix misconfiguration
2025-03-18 00:22:10 update constants
2025-07-23 13:08:05 stabilize build
2025-09-10 12:02:04 update configs
2025-01-08 06:30:57 temporary fix
2025-01-19 23:54:28 update version
2025-03-29 03:54:12 remove unused import
2025-05-18 09:31:14 update dependencies
2025-09-25 10:27:56 upgrade dependencies
2025-02-11 20:40:17 update deployment script
2025-08-21 03:14:05 initial commit
2025-09-10 06:31:03 small refactor
2025-06-09 10:02:29 fix encoding issue
2025-05-02 15:09:56 optimize queries
2025-11-15 05:36:42 better error handling
2025-04-26 00:23:33 fix timezone issue
2025-09-22 12:19:37 update roadmap
2025-07-23 03:49:39 upgrade dependencies
2025-12-23 18:58:13 update LICENSE
2025-01-29 08:18:40 add helper function
2025-12-08 21:25:52 enhance logging
2025-12-17 22:16:22 initial commit
2025-01-12 22:12:06 update LICENSE
2025-03-31 01:01:24 fix crash issue
2025-11-16 14:58:22 patch vulnerability
2025-05-02 06:52:57 remove test code
2025-08-29 16:43:17 update API endpoints
2025-02-26 05:07:39 adjust error messages
2025-08-26 12:32:13 update metadata
2025-11-06 21:38:46 hotfix applied
2025-03-25 05:06:43 update LICENSE
2025-02-12 22:02:01 update API docs
2025-09-21 02:30:39 fix config bug
2025-08-01 10:34:02 better error handling
2025-05-21 08:28:42 fix typo in docs
2025-08-04 19:26:13 fix typo in docs
2025-04-22 01:58:25 enhance error reporting
2025-06-08 13:18:05 update configs for prod
2025-08-12 05:29:38 improve security
2025-06-14 00:54:39 improve performance
2025-02-20 03:30:25 minor refactor
2025-04-29 05:15:09 improve UX
2025-04-05 08:46:04 fix build error
2025-04-10 22:59:00 refactor tests
2025-05-16 18:38:46 fix config bug
2025-04-22 12:54:40 stabilize build
2025-08-22 18:19:16 update deployment script
2025-09-02 10:07:38 enhance logging
2025-06-22 15:55:05 add changelog
2025-08-18 04:52:25 fix build error
2025-02-13 17:31:46 restructure project
2025-10-21 08:50:38 patch memory leak
2025-07-22 21:42:52 improve logging format
2025-05-17 20:25:27 optimize function
2025-04-28 19:01:37 fix edge case
2025-11-28 13:47:01 add unit tests
2025-04-30 23:55:52 update linter rules
2025-01-02 11:17:45 remove unused code
2025-06-24 14:30:19 reorganize files
2025-12-14 17:30:01 typo fix
2025-08-07 07:12:12 fix edge case
2025-02-08 12:59:57 fix async issue
2025-11-28 08:00:49 add helper function
2025-02-20 21:34:39 minor refactor
2025-09-12 05:19:45 update API docs
2025-07-28 02:26:05 minor changes
2025-01-02 01:44:29 change configuration
2025-01-29 13:12:55 enhance logging
2025-06-29 14:30:41 improve performance
2025-05-03 07:44:43 reformat code
2025-01-13 14:36:47 restructure project
2025-01-16 22:32:22 fix bug
2025-04-04 20:55:02 update constants
2025-10-11 19:15:42 fix broken link
2025-12-27 01:51:44 refactor code
2025-03-14 12:22:53 update docs with examples
2025-03-20 02:03:30 better error handling
2025-03-17 02:04:42 add comments
2025-02-26 01:30:13 enhance logging
2025-03-21 04:19:27 fix edge case
2025-09-12 19:37:58 add example file
2025-01-09 19:12:43 add unit tests
2025-07-01 16:15:46 fix encoding issue
2025-02-19 13:07:59 UI improvements
2025-02-13 19:53:32 update API endpoints
2025-12-24 01:24:58 update linter rules
2025-02-09 18:39:27 improve caching
2025-11-26 01:50:59 stabilize build
2025-10-13 13:14:16 adjust timeout
2025-02-28 21:00:22 update roadmap
2025-11-19 01:00:50 add tests
2025-03-11 22:42:09 minor refactor
2025-08-03 04:04:23 update gitignore
2025-10-06 11:37:47 update dependencies
2025-10-27 20:23:20 fix UI alignment
2025-07-27 04:20:14 update configs for prod
2025-02-13 23:21:13 fix edge case
2025-08-26 16:04:11 improve docs
2025-09-01 09:10:30 cleanup code
2025-05-04 14:06:59 fix edge case
2025-05-15 11:35:25 improve caching
2025-10-24 12:35:44 fix crash issue
2025-06-14 22:48:06 remove unused import
2025-09-11 12:48:53 update constants
2025-02-06 15:36:04 fix misconfiguration
2025-11-30 02:11:58 update constants
2025-06-01 21:28:43 minor refactor
2025-08-17 22:37:34 patch vulnerability
2025-08-19 07:10:59 update LICENSE
2025-06-27 11:02:54 fix CI errors
2025-04-28 09:19:54 refactor tests
2025-10-07 00:43:30 optimize function
2025-11-24 01:43:35 reformat code
2025-03-31 05:46:33 style improvements
2025-09-13 02:18:48 update README
2025-09-21 09:42:51 stabilize build
2025-02-22 11:48:52 adjust validation rules
2025-05-13 21:46:11 fix null pointer
2025-07-27 15:34:02 update gitignore
2025-02-06 21:37:45 UI improvements
2025-04-05 03:24:48 hotfix applied
2025-02-11 11:43:02 enhance error reporting
2025-08-02 12:27:36 temporary fix
2025-03-06 22:32:11 update metadata
2025-07-21 07:36:29 update headers
2025-06-19 02:46:30 remove unused import
2025-12-01 11:24:44 improve logging format
2025-03-22 10:56:49 update README
2025-06-01 14:39:59 reformat code
2025-06-03 17:09:26 simplify logic
2025-06-29 16:07:56 increase test coverage
2025-04-07 22:28:39 add fallback
2025-09-10 02:39:49 fix docker build
2025-10-12 05:24:46 fix async issue
2025-05-22 13:01:50 update constants
2025-03-16 16:35:55 refactor code
2025-05-27 20:03:10 update gitignore
2025-02-28 10:48:14 add example file
2025-02-09 19:28:47 add example file
2025-12-12 12:37:28 fix typo in code
2025-10-30 13:02:20 cleanup code
2025-10-23 10:09:40 refactor tests
2025-06-03 15:45:40 minor changes
2025-07-09 16:00:46 refactor tests
2025-08-03 13:03:23 add tests
2025-02-12 11:29:15 fix null pointer
2025-03-27 05:44:16 minor changes
2025-12-26 09:41:09 update CI pipeline
2025-10-18 12:36:27 update API endpoints
2025-02-23 08:06:49 hotfix applied
2025-09-26 15:13:33 rollback changes
2025-02-06 04:09:34 better error handling
2025-07-23 23:26:35 update constants
2025-12-17 12:20:29 fix warnings
2025-10-14 05:31:06 experimental changes
2025-08-28 08:34:16 update metadata
2025-08-22 16:37:43 fix build error
2025-03-28 18:20:01 add tests
2025-09-04 22:41:35 patch vulnerability
2025-10-12 21:24:26 update API keys
2025-09-18 21:15:38 remove legacy code
2025-05-20 02:28:12 fix warnings
2025-08-01 02:26:14 update gitignore
2025-11-10 03:35:17 fix docker build
2025-02-16 22:15:04 update roadmap
2025-03-29 21:11:34 update metadata
2025-03-22 07:31:21 update linter rules
2025-08-13 11:41:13 update CI pipeline
2025-05-22 02:38:51 hotfix applied
2025-05-13 04:11:20 add tests
2025-10-22 22:17:32 add sample data
2025-10-03 16:09:05 add unit tests
2025-12-13 16:54:36 fix bug
2025-10-18 13:25:56 add tests
2025-09-02 07:10:25 improve UX
2025-01-25 03:16:15 remove deprecated code
2025-06-04 17:10:04 fix permission issue
2025-03-21 15:02:25 typo fix
2025-12-03 18:17:44 enhance logging
2025-11-01 10:02:13 better error handling
2025-01-30 09:15:54 update LICENSE
2025-11-12 15:35:04 adjust validation rules
2025-08-01 11:52:33 upgrade dependencies
2025-02-17 19:49:43 update scripts
2025-09-29 14:45:28 clean project structure
2025-10-01 09:14:08 cleanup code
2025-04-07 17:05:10 upgrade dependencies
2025-12-01 07:18:17 add tests
2025-08-02 17:13:58 update API docs
2025-03-10 05:25:37 refactor code
2025-10-23 12:46:10 remove unused import
2025-07-31 10:51:53 fix typo in code
2025-02-02 03:20:59 fix async issue
2025-08-23 10:30:40 fix typo in code
2025-11-19 00:58:15 update LICENSE
2025-12-03 23:40:41 rollback changes
2025-07-26 03:38:13 update database schema
2025-01-29 22:13:29 update API docs
2025-05-08 19:27:07 experimental changes
2025-02-16 04:58:25 improve logging format
2025-05-23 10:40:12 fix UI alignment
2025-12-16 23:18:14 restructure project
2025-09-16 01:03:32 merge branch
2025-05-13 10:01:41 update workflow
2025-05-01 15:28:59 update configs
2025-12-21 02:58:47 experimental changes
2025-02-11 01:33:46 fix encoding issue
2025-03-03 05:04:44 improve logging format
2025-09-30 11:26:32 enhance logging
2025-06-09 16:53:36 improve logging format
2025-12-29 15:49:22 add fallback
2025-06-14 23:33:08 improve UX
2025-05-25 03:53:36 patch vulnerability
2025-12-03 04:31:18 add integration tests
2025-10-20 18:57:15 cleanup code
2025-03-19 06:03:41 adjust validation rules
2025-10-06 01:37:32 add integration tests
2025-09-22 10:13:11 update metadata
2025-11-22 04:59:17 better error handling
2025-08-07 03:10:17 experimental changes
2025-05-03 21:42:09 tweak configs
2025-09-02 08:58:50 cleanup code
2025-10-24 21:44:55 add example file
2025-07-11 04:31:39 fix permission issue
2025-09-11 14:59:22 temporary fix
2025-09-21 10:33:52 remove legacy code
2025-02-10 00:00:37 improve caching
2025-03-17 23:09:47 restructure project
2025-07-27 08:54:41 add tests
2025-01-18 13:55:59 update gitignore
2025-02-21 07:45:08 update schema migration
2025-03-25 16:02:42 add example file
2025-11-23 10:30:20 merge branch
2025-02-13 18:38:35 improve performance
2025-04-09 00:47:50 update comments
2025-01-08 15:30:36 experimental changes
2025-12-19 21:28:02 reduce complexity
2025-09-30 00:52:30 fix config bug
2025-01-29 19:30:10 add comments
2025-04-29 19:41:56 update constants
2025-06-22 13:40:19 update constants
2025-09-09 07:30:42 update constants
2025-12-26 16:04:37 update docs with examples
2025-05-16 03:55:04 improve maintainability
2025-02-09 05:00:48 add comments
2025-05-12 18:55:58 fix crash issue
2025-01-15 08:25:19 rollback changes
2025-05-18 13:53:39 fix crash issue
2025-02-24 00:12:27 patch memory leak
2025-03-13 04:17:39 simplify logic
2025-11-12 12:59:42 fix warnings
2025-12-16 10:58:13 small refactor
2025-02-12 14:08:13 clean project structure
2025-06-25 19:31:50 better error handling
2025-04-09 22:58:09 fix compatibility
2025-06-25 08:10:09 change configuration
2025-03-02 23:18:20 update API keys
2025-05-30 03:59:31 update scripts
2025-05-13 22:55:09 UI improvements
2025-05-28 14:43:33 update schema migration
2025-02-18 14:17:46 fix async issue
2025-10-08 11:36:06 update API docs
2025-11-26 06:20:33 add sample data
2025-03-26 14:10:37 update deployment script
2025-04-29 14:01:05 fix warnings
2025-09-12 11:05:04 change configuration
2025-06-03 17:24:33 optimize function
2025-02-17 21:47:02 clean project structure
2025-02-06 17:15:59 add fallback
2025-06-09 14:29:08 add integration tests
2025-06-18 12:01:56 fix config bug
2025-04-20 01:33:00 fix timezone issue
2025-04-15 14:52:34 add fallback
2025-09-06 20:52:24 update documentation
2025-09-23 23:14:48 fix warnings
2025-09-06 21:50:57 better error handling
2025-08-21 08:45:12 update scripts
2025-01-16 09:40:12 adjust error messages
2025-07-27 12:23:37 improve caching
2025-09-19 07:48:22 add unit tests
2025-06-23 09:44:13 add unit tests
2025-12-08 03:48:48 restructure modules
2025-06-07 19:32:18 update CI pipeline
2025-05-06 13:14:14 better error handling
2025-07-11 02:32:40 add tests
2025-11-25 06:46:05 update gitignore
2025-06-30 09:16:03 update configs
2025-01-27 01:16:04 enhance logging
2025-11-22 13:06:03 fix permission issue
2025-08-24 17:35:53 update gitignore
2025-06-22 05:14:14 restructure modules
2025-01-12 10:14:12 adjust validation rules
2025-03-27 22:14:16 add changelog
2025-06-14 20:19:05 enhance logging
2025-12-06 18:19:39 hotfix applied
2025-03-16 08:50:39 update logging
2025-05-16 04:29:27 add example file
2025-02-06 17:54:27 remove legacy code
2025-11-11 23:12:49 update configs
2025-10-30 17:04:17 fix crash issue
2025-09-22 18:20:19 update LICENSE
2025-07-18 18:29:07 small refactor
2025-03-02 09:59:44 update roadmap
2025-04-18 12:27:03 update build script
2025-05-04 02:23:15 optimize queries
2025-11-01 16:54:59 add tests
2025-12-16 12:29:12 adjust validation rules
2025-12-05 05:30:24 reformat code
2025-11-10 14:04:38 fix timezone issue
2025-12-24 02:08:10 hotfix applied
2025-04-23 13:10:25 hotfix applied
2025-12-14 02:10:55 hotfix applied
2025-11-18 23:32:30 update metadata
2025-11-27 00:55:10 update CI pipeline
2025-05-23 20:01:48 fix warnings
2025-07-02 14:50:08 remove deprecated code
2025-02-13 17:55:47 small refactor
2025-07-06 15:34:13 typo fix
2025-07-11 20:30:04 upgrade dependencies
2025-08-04 16:15:09 update configs for prod
2025-09-21 18:06:14 update roadmap
2025-10-17 13:12:30 remove legacy code
2025-04-09 00:09:32 hotfix applied
2025-07-11 13:31:04 optimize function
2025-09-25 02:53:13 fix bug
2025-08-27 19:07:56 remove unused import
2025-07-18 04:01:46 enhance logging
2025-02-21 19:15:58 improve caching
2025-05-21 13:34:47 merge branch
2025-07-17 20:45:59 update comments
2025-12-10 23:43:21 initial commit
2025-06-11 10:04:41 fix warnings
2025-07-16 08:58:45 adjust timeout
2025-10-24 03:13:22 typo fix
2025-11-08 13:34:01 patch memory leak
2025-01-09 01:48:48 cleanup dependencies
2025-10-20 17:01:50 security patch
2025-01-09 09:45:48 fix UI alignment
2025-02-26 11:15:15 add sample data
2025-03-02 07:17:57 fix permission issue
2025-04-01 09:47:15 optimize function
2025-03-01 22:29:15 add helper function
2025-12-28 14:28:42 update deployment script
2025-08-15 18:18:45 update docs with examples
2025-11-20 05:51:38 update build script
2025-10-28 08:42:18 improve UX
2025-06-14 18:00:10 update gitignore
2025-06-28 19:06:19 improve logging format
2025-08-06 23:40:34 cleanup code
2025-10-27 10:05:04 fix null pointer
2025-10-22 00:18:29 change configuration
2025-04-06 02:31:01 hotfix applied
2025-01-15 00:20:28 restructure modules
2025-12-10 23:15:42 update constants
2025-02-02 07:22:28 stabilize build
2025-06-29 20:20:49 adjust validation rules
2025-05-10 06:08:07 merge branch
2025-12-29 05:11:57 add fallback
2025-08-25 11:05:31 fix crash issue
2025-07-14 22:13:41 simplify logic
2025-11-23 18:33:07 remove test code
2025-10-02 17:36:51 add changelog
2025-06-19 05:17:20 add sample data
2025-03-14 22:42:16 fix build error
2025-02-18 02:50:15 add integration tests
2025-07-05 00:59:21 security patch
2025-06-25 05:13:52 reduce complexity
2025-02-25 17:53:31 update API docs
2025-08-12 18:03:10 fix typo in docs
2025-01-02 12:13:43 add tests
2025-11-21 10:16:02 stabilize build
2025-09-29 16:35:02 minor refactor
2025-10-12 01:54:09 tweak configs
2025-10-26 11:38:24 fix encoding issue
2025-07-06 02:14:31 update configs
2025-11-15 05:43:14 restructure project
2025-11-09 22:07:48 add unit tests
2025-09-09 14:08:40 update constants
2025-04-26 05:04:42 fix typo in docs
2025-05-27 10:45:31 add TODOs
2025-08-12 23:51:36 reformat code
2025-01-09 22:06:17 update scripts
2025-09-17 11:44:42 update API keys
2025-11-03 15:49:32 update API endpoints
2025-05-18 03:00:31 update configs
2025-11-14 04:23:06 refactor tests
2025-06-07 17:00:12 update CI pipeline
2025-12-26 15:04:04 minor refactor
2025-10-12 18:15:50 fix timezone issue
2025-04-07 13:50:40 reduce complexity
2025-05-15 23:26:59 update documentation
2025-01-19 08:54:16 security patch
2025-06-23 10:02:00 patch memory leak
2025-07-04 02:40:07 update API keys
2025-07-19 10:17:36 add logging
2025-06-22 04:47:54 optimize function
2025-09-08 05:41:00 update headers
2025-05-01 09:01:13 simplify logic
2025-05-21 11:19:45 adjust validation rules
2025-10-03 17:34:35 update build script
2025-08-02 12:34:25 update CI pipeline
2025-01-01 23:32:50 update headers
2025-01-09 19:21:23 update README
2025-01-03 05:15:57 update roadmap
2025-08-29 23:15:14 enhance logging
2025-08-10 09:00:06 optimize function
2025-05-24 19:26:30 improve caching
2025-10-24 09:12:52 add fallback
2025-04-15 11:21:17 cleanup code
2025-09-22 21:58:52 enhance error reporting
2025-05-09 15:38:34 tweak configs
2025-05-17 22:09:29 upgrade dependencies
2025-05-12 09:01:37 fix encoding issue
2025-04-27 05:48:50 restructure modules
2025-09-04 18:35:02 update API keys
2025-11-23 05:08:23 add tests
2025-02-14 04:56:10 reorganize files
2025-03-23 01:47:03 update logging
2025-05-29 06:16:57 improve logging format
2025-06-03 15:48:21 rollback changes
2025-03-11 14:38:46 fix encoding issue
2025-02-19 12:01:17 hotfix applied
2025-02-03 09:51:18 update roadmap
2025-12-24 19:25:48 better error handling
2025-09-14 02:37:40 fix timezone issue
2025-10-14 11:56:48 update logging
2025-08-27 02:34:29 update deployment script
2025-01-15 01:11:20 add logging
2025-05-03 21:39:40 enhance logging
2025-12-26 09:20:10 update LICENSE
2025-06-14 01:39:48 better error handling
2025-05-30 04:06:14 remove deprecated code
2025-11-13 20:17:50 improve security
2025-08-07 04:12:55 improve logging format
2025-02-21 01:14:30 update schema migration
2025-08-27 08:29:57 reorganize files
2025-08-07 21:37:35 adjust error messages
2025-09-10 00:48:26 cleanup dependencies
2025-07-10 06:59:12 fix misconfiguration
2025-12-17 23:43:58 fix bug
2025-11-16 09:12:37 add integration tests
2025-09-24 01:35:31 fix misconfiguration
2025-09-26 18:04:59 update comments
2025-12-26 11:05:21 update scripts
2025-07-09 04:28:14 fix null pointer
2025-08-20 15:00:05 cleanup dependencies
2025-10-12 12:05:10 add helper function
2025-09-08 03:29:08 improve performance
2025-09-13 01:17:34 add integration tests
2025-02-22 13:09:20 add TODOs
2025-02-20 16:05:17 update API keys
2025-12-01 21:53:00 adjust timeout
2025-02-23 00:06:14 update configs
2025-01-08 22:19:18 update gitignore
2025-11-07 02:20:26 fix warnings
2025-03-24 06:30:47 improve security
2025-09-12 21:54:28 cleanup code
2025-09-14 16:06:16 remove debug output
2025-12-18 07:59:58 fix docker build
2025-07-13 17:51:22 change configuration
2025-07-15 16:14:54 refactor code
2025-09-12 13:32:22 update roadmap
2025-03-01 18:07:14 update headers
2025-02-21 11:48:47 restructure modules
2025-05-18 06:23:22 update configs for prod
2025-06-26 02:05:00 reformat code
2025-09-14 01:16:50 add helper function
2025-05-25 12:49:54 update comments
2025-08-05 10:39:32 change configuration
2025-06-10 08:18:51 fix config bug
2025-08-18 20:55:45 refactor tests
2025-01-22 09:13:25 fix type error
2025-05-19 19:11:30 reorganize files
2025-02-16 00:44:41 update roadmap
2025-03-29 07:07:42 add helper function
2025-01-03 07:26:51 improve security
2025-01-10 17:30:48 fix async issue
2025-01-10 23:27:08 better error handling
2025-09-24 19:10:54 add fallback
2025-05-25 22:33:47 fix permission issue
2025-11-20 09:01:08 fix crash issue
2025-12-09 16:59:20 initial commit
2025-01-09 18:34:08 optimize function
2025-04-07 10:01:14 update roadmap
2025-03-22 21:33:22 update feature
2025-04-30 12:46:07 fix type error
2025-04-06 01:02:56 fix encoding issue
2025-10-13 14:18:55 remove debug output
2025-04-15 23:28:26 reorganize files
2025-05-07 09:37:17 add tests
2025-09-04 17:34:12 remove debug output
2025-06-20 01:50:39 update feature
2025-08-02 10:35:10 stabilize build
2025-11-23 04:17:03 update schema migration
2025-01-30 23:50:41 adjust error messages
2025-02-08 21:09:06 refactor code
2025-01-11 07:22:55 adjust validation rules
2025-04-15 14:50:33 remove unused import
2025-12-21 22:26:48 update database schema
2025-02-22 07:13:28 update LICENSE
2025-12-22 19:31:35 update LICENSE
2025-06-28 16:16:15 upgrade dependencies
2025-08-08 23:38:00 tweak configs
2025-01-28 16:26:24 enhance error reporting
2025-09-06 05:50:12 remove test code
2025-06-13 07:21:37 patch memory leak
2025-02-04 02:21:45 add tests
2025-04-19 16:41:41 update docs with examples
2025-05-05 05:55:30 refactor code
2025-06-13 00:08:47 update database schema
2025-04-18 17:16:45 enhance logging
2025-07-07 11:42:16 fix docker build
2025-10-09 12:46:20 add example file
2025-12-24 13:40:19 fix crash issue
2025-04-30 17:16:11 remove unused code
2025-07-11 15:20:42 rollback changes
2025-10-01 00:07:43 hotfix applied
2025-04-29 11:47:28 update gitignore
2025-02-01 23:08:45 update deployment script
2025-02-05 01:32:44 update constants
2025-07-06 00:09:17 add changelog
2025-09-20 15:03:45 update API keys
2025-05-21 20:39:31 initial commit
2025-01-28 08:53:04 small refactor
2025-07-18 01:49:27 add tests
2025-04-07 10:12:10 fix compatibility
2025-10-10 10:34:03 update schema migration
2025-02-14 20:24:03 reformat code
2025-10-13 18:48:43 add logging
2025-04-06 05:06:47 add comments
2025-01-26 16:53:32 update scripts
2025-04-06 09:13:26 add logging
2025-01-07 17:17:44 update schema migration
2025-12-23 14:56:17 fix build error
2025-06-16 04:33:47 update gitignore
2025-04-17 17:40:50 update build script
2025-11-12 20:52:57 security patch
2025-03-10 18:25:33 fix type error
2025-07-30 07:49:46 add sample data
2025-08-11 09:35:16 update LICENSE
2025-12-23 20:16:51 improve logging format
2025-02-19 06:49:34 change configuration
2025-07-29 22:32:49 add logging
2025-10-02 21:54:01 fix broken link
2025-06-03 09:27:57 refactor code
2025-06-24 01:09:58 add TODOs
2025-05-09 23:30:18 change configuration
2025-01-02 22:02:37 update linter rules
2025-09-26 09:02:52 add tests
2025-11-17 18:47:02 clean project structure
2025-02-07 14:45:03 temporary fix
2025-08-08 04:42:57 update feature
2025-12-26 14:16:46 enhance logging
2025-11-16 17:42:18 add TODOs
2025-09-21 12:34:54 initial commit
2025-12-14 21:57:17 add example file
2025-04-17 03:18:26 optimize queries
2025-08-08 04:17:36 update metadata
